[Thu Nov 08 12:24:41.079014 2018] [core:warn] [pid 50] AH00098: pid file /var/run/apache2/apache2.pid overwritten -- Unclean shutdown of previous Apache run?
[Thu Nov 08 12:24:41.084381 2018] [mpm_prefork:notice] [pid 50] AH00163: Apache/2.4.18 (Ubuntu) configured -- resuming normal operations
[Thu Nov 08 12:24:41.084495 2018] [core:notice] [pid 50] AH00094: Command line: '/usr/sbin/apache2'
[Thu Nov 08 12:45:37.651968 2018] [core:warn] [pid 50] AH00098: pid file /var/run/apache2/apache2.pid overwritten -- Unclean shutdown of previous Apache run?
[Thu Nov 08 12:45:37.667285 2018] [mpm_prefork:notice] [pid 50] AH00163: Apache/2.4.18 (Ubuntu) configured -- resuming normal operations
[Thu Nov 08 12:45:37.667322 2018] [core:notice] [pid 50] AH00094: Command line: '/usr/sbin/apache2'
[Thu Nov 08 12:47:01.573927 2018] [core:warn] [pid 51] AH00098: pid file /var/run/apache2/apache2.pid overwritten -- Unclean shutdown of previous Apache run?
[Thu Nov 08 12:47:01.583655 2018] [mpm_prefork:notice] [pid 51] AH00163: Apache/2.4.18 (Ubuntu) configured -- resuming normal operations
[Thu Nov 08 12:47:01.583699 2018] [core:notice] [pid 51] AH00094: Command line: '/usr/sbin/apache2'
[Thu Nov 08 12:51:17.526918 2018] [core:warn] [pid 50] AH00098: pid file /var/run/apache2/apache2.pid overwritten -- Unclean shutdown of previous Apache run?
[Thu Nov 08 12:51:17.530903 2018] [mpm_prefork:notice] [pid 50] AH00163: Apache/2.4.18 (Ubuntu) configured -- resuming normal operations
[Thu Nov 08 12:51:17.530934 2018] [core:notice] [pid 50] AH00094: Command line: '/usr/sbin/apache2'
[Thu Nov 08 12:53:18.429024 2018] [core:warn] [pid 50] AH00098: pid file /var/run/apache2/apache2.pid overwritten -- Unclean shutdown of previous Apache run?
[Thu Nov 08 12:53:18.443541 2018] [mpm_prefork:notice] [pid 50] AH00163: Apache/2.4.18 (Ubuntu) configured -- resuming normal operations
[Thu Nov 08 12:53:18.443600 2018] [core:notice] [pid 50] AH00094: Command line: '/usr/sbin/apache2'
[Thu Nov 08 12:55:19.333441 2018] [core:warn] [pid 50] AH00098: pid file /var/run/apache2/apache2.pid overwritten -- Unclean shutdown of previous Apache run?
[Thu Nov 08 12:55:19.338508 2018] [mpm_prefork:notice] [pid 50] AH00163: Apache/2.4.18 (Ubuntu) configured -- resuming normal operations
[Thu Nov 08 12:55:19.338555 2018] [core:notice] [pid 50] AH00094: Command line: '/usr/sbin/apache2'
[Sat Nov 17 03:45:31.933431 2018] [core:warn] [pid 37] AH00098: pid file /var/run/apache2/apache2.pid overwritten -- Unclean shutdown of previous Apache run?
[Sat Nov 17 03:45:31.937939 2018] [mpm_prefork:notice] [pid 37] AH00163: Apache/2.4.18 (Ubuntu) configured -- resuming normal operations
[Sat Nov 17 03:45:31.937976 2018] [core:notice] [pid 37] AH00094: Command line: '/usr/sbin/apache2'
[Sat Nov 17 03:51:35.698945 2018] [core:warn] [pid 50] AH00098: pid file /var/run/apache2/apache2.pid overwritten -- Unclean shutdown of previous Apache run?
[Sat Nov 17 03:51:35.703483 2018] [mpm_prefork:notice] [pid 50] AH00163: Apache/2.4.18 (Ubuntu) configured -- resuming normal operations
[Sat Nov 17 03:51:35.703513 2018] [core:notice] [pid 50] AH00094: Command line: '/usr/sbin/apache2'
[Sat Nov 17 03:53:02.964762 2018] [core:warn] [pid 51] AH00098: pid file /var/run/apache2/apache2.pid overwritten -- Unclean shutdown of previous Apache run?
[Sat Nov 17 03:53:02.969122 2018] [mpm_prefork:notice] [pid 51] AH00163: Apache/2.4.18 (Ubuntu) configured -- resuming normal operations
[Sat Nov 17 03:53:02.969154 2018] [core:notice] [pid 51] AH00094: Command line: '/usr/sbin/apache2'
[Sat Nov 17 04:02:04.553201 2018] [core:warn] [pid 52] AH00098: pid file /var/run/apache2/apache2.pid overwritten -- Unclean shutdown of previous Apache run?
[Sat Nov 17 04:02:04.558236 2018] [mpm_prefork:notice] [pid 52] AH00163: Apache/2.4.18 (Ubuntu) configured -- resuming normal operations
[Sat Nov 17 04:02:04.558271 2018] [core:notice] [pid 52] AH00094: Command line: '/usr/sbin/apache2'
[Sat Nov 17 04:03:22.838221 2018] [core:warn] [pid 68] AH00098: pid file /var/run/apache2/apache2.pid overwritten -- Unclean shutdown of previous Apache run?
[Sat Nov 17 04:03:22.844683 2018] [mpm_prefork:notice] [pid 68] AH00163: Apache/2.4.18 (Ubuntu) configured -- resuming normal operations
[Sat Nov 17 04:03:22.844729 2018] [core:notice] [pid 68] AH00094: Command line: '/usr/sbin/apache2'
[Sat Nov 17 04:30:48.110470 2018] [core:warn] [pid 50] AH00098: pid file /var/run/apache2/apache2.pid overwritten -- Unclean shutdown of previous Apache run?
[Sat Nov 17 04:30:48.116100 2018] [mpm_prefork:notice] [pid 50] AH00163: Apache/2.4.18 (Ubuntu) configured -- resuming normal operations
[Sat Nov 17 04:30:48.116141 2018] [core:notice] [pid 50] AH00094: Command line: '/usr/sbin/apache2'
[Sat Nov 17 15:55:35.858857 2018] [core:warn] [pid 37] AH00098: pid file /var/run/apache2/apache2.pid overwritten -- Unclean shutdown of previous Apache run?
[Sat Nov 17 15:55:35.863653 2018] [mpm_prefork:notice] [pid 37] AH00163: Apache/2.4.18 (Ubuntu) configured -- resuming normal operations
[Sat Nov 17 15:55:35.863697 2018] [core:notice] [pid 37] AH00094: Command line: '/usr/sbin/apache2'
[Sat Nov 17 17:24:23.800870 2018] [core:warn] [pid 52] AH00098: pid file /var/run/apache2/apache2.pid overwritten -- Unclean shutdown of previous Apache run?
[Sat Nov 17 17:24:23.808368 2018] [mpm_prefork:notice] [pid 52] AH00163: Apache/2.4.18 (Ubuntu) configured -- resuming normal operations
[Sat Nov 17 17:24:23.808414 2018] [core:notice] [pid 52] AH00094: Command line: '/usr/sbin/apache2'
[Sat Nov 17 17:35:34.327575 2018] [core:warn] [pid 50] AH00098: pid file /var/run/apache2/apache2.pid overwritten -- Unclean shutdown of previous Apache run?
[Sat Nov 17 17:35:34.334309 2018] [mpm_prefork:notice] [pid 50] AH00163: Apache/2.4.18 (Ubuntu) configured -- resuming normal operations
[Sat Nov 17 17:35:34.334351 2018] [core:notice] [pid 50] AH00094: Command line: '/usr/sbin/apache2'
[Sat Nov 17 18:00:15.117376 2018] [core:warn] [pid 52] AH00098: pid file /var/run/apache2/apache2.pid overwritten -- Unclean shutdown of previous Apache run?
[Sat Nov 17 18:00:15.122369 2018] [mpm_prefork:notice] [pid 52] AH00163: Apache/2.4.18 (Ubuntu) configured -- resuming normal operations
[Sat Nov 17 18:00:15.122402 2018] [core:notice] [pid 52] AH00094: Command line: '/usr/sbin/apache2'
[Sun Nov 18 03:17:19.969215 2018] [core:warn] [pid 41] AH00098: pid file /var/run/apache2/apache2.pid overwritten -- Unclean shutdown of previous Apache run?
[Sun Nov 18 03:17:19.974299 2018] [mpm_prefork:notice] [pid 41] AH00163: Apache/2.4.18 (Ubuntu) configured -- resuming normal operations
[Sun Nov 18 03:17:19.974339 2018] [core:notice] [pid 41] AH00094: Command line: '/usr/sbin/apache2'
[Sun Nov 18 03:22:42.454843 2018] [core:warn] [pid 41] AH00098: pid file /var/run/apache2/apache2.pid overwritten -- Unclean shutdown of previous Apache run?
[Sun Nov 18 03:22:42.460500 2018] [mpm_prefork:notice] [pid 41] AH00163: Apache/2.4.18 (Ubuntu) configured -- resuming normal operations
[Sun Nov 18 03:22:42.460543 2018] [core:notice] [pid 41] AH00094: Command line: '/usr/sbin/apache2'
[Sun Nov 18 03:26:42.970488 2018] [core:warn] [pid 50] AH00098: pid file /var/run/apache2/apache2.pid overwritten -- Unclean shutdown of previous Apache run?
[Sun Nov 18 03:26:42.974687 2018] [mpm_prefork:notice] [pid 50] AH00163: Apache/2.4.18 (Ubuntu) configured -- resuming normal operations
[Sun Nov 18 03:26:42.974714 2018] [core:notice] [pid 50] AH00094: Command line: '/usr/sbin/apache2'
[Sun Nov 18 03:28:02.926092 2018] [core:warn] [pid 38] AH00098: pid file /var/run/apache2/apache2.pid overwritten -- Unclean shutdown of previous Apache run?
[Sun Nov 18 03:28:02.929623 2018] [mpm_prefork:notice] [pid 38] AH00163: Apache/2.4.18 (Ubuntu) configured -- resuming normal operations
[Sun Nov 18 03:28:02.929671 2018] [core:notice] [pid 38] AH00094: Command line: '/usr/sbin/apache2'
[Sun Nov 18 03:43:31.594420 2018] [core:warn] [pid 51] AH00098: pid file /var/run/apache2/apache2.pid overwritten -- Unclean shutdown of previous Apache run?
[Sun Nov 18 03:43:31.598301 2018] [mpm_prefork:notice] [pid 51] AH00163: Apache/2.4.18 (Ubuntu) configured -- resuming normal operations
[Sun Nov 18 03:43:31.598337 2018] [core:notice] [pid 51] AH00094: Command line: '/usr/sbin/apache2'
